
> @trajetoria-dev-ui/docs@1.0.0 build
> build-storybook

info @storybook/react v6.5.12
info 
info => Cleaning outputDir: /home/ronesilveira/Documentos/Estudos/Rocketseat/Ignite 2022/Ignite 2.0/ignite-2.0-05-design-system/packages/docs/storybook-static
info => Loading presets
info => Loading custom manager config
info => Compiling manager..
info => Loading custom manager config
(node:10170) ExperimentalWarning: The Fetch API is an experimental feature. This feature could change at any time
(Use `node --trace-warnings ...` to show where the warning was created)
vite v3.1.7 building for production...
transforming...
node:internal/crypto/hash:71
  this[kHandle] = new _Hash(algorithm, xofLen);
                  ^

Error: error:0308010C:digital envelope routines::unsupported
    at new Hash (node:internal/crypto/hash:71:19)
    at Object.createHash (node:crypto:133:10)
    at module.exports (/home/ronesilveira/Documentos/Estudos/Rocketseat/Ignite 2022/Ignite 2.0/ignite-2.0-05-design-system/node_modules/webpack/lib/util/createHash.js:135:53)
    at NormalModule._initBuildHash (/home/ronesilveira/Documentos/Estudos/Rocketseat/Ignite 2022/Ignite 2.0/ignite-2.0-05-design-system/node_modules/webpack/lib/NormalModule.js:417:16)
    at handleParseError (/home/ronesilveira/Documentos/Estudos/Rocketseat/Ignite 2022/Ignite 2.0/ignite-2.0-05-design-system/node_modules/webpack/lib/NormalModule.js:471:10)
    at /home/ronesilveira/Documentos/Estudos/Rocketseat/Ignite 2022/Ignite 2.0/ignite-2.0-05-design-system/node_modules/webpack/lib/NormalModule.js:503:5
    at /home/ronesilveira/Documentos/Estudos/Rocketseat/Ignite 2022/Ignite 2.0/ignite-2.0-05-design-system/node_modules/webpack/lib/NormalModule.js:358:12
    at /home/ronesilveira/Documentos/Estudos/Rocketseat/Ignite 2022/Ignite 2.0/ignite-2.0-05-design-system/node_modules/loader-runner/lib/LoaderRunner.js:373:3
    at iterateNormalLoaders (/home/ronesilveira/Documentos/Estudos/Rocketseat/Ignite 2022/Ignite 2.0/ignite-2.0-05-design-system/node_modules/loader-runner/lib/LoaderRunner.js:214:10)
    at iterateNormalLoaders (/home/ronesilveira/Documentos/Estudos/Rocketseat/Ignite 2022/Ignite 2.0/ignite-2.0-05-design-system/node_modules/loader-runner/lib/LoaderRunner.js:221:10)
    at /home/ronesilveira/Documentos/Estudos/Rocketseat/Ignite 2022/Ignite 2.0/ignite-2.0-05-design-system/node_modules/loader-runner/lib/LoaderRunner.js:236:3
    at context.callback (/home/ronesilveira/Documentos/Estudos/Rocketseat/Ignite 2022/Ignite 2.0/ignite-2.0-05-design-system/node_modules/loader-runner/lib/LoaderRunner.js:111:13)
    at /home/ronesilveira/Documentos/Estudos/Rocketseat/Ignite 2022/Ignite 2.0/ignite-2.0-05-design-system/node_modules/babel-loader/lib/index.js:59:71 {
  opensslErrorStack: [ 'error:03000086:digital envelope routines::initialization error' ],
  library: 'digital envelope routines',
  reason: 'unsupported',
  code: 'ERR_OSSL_EVP_UNSUPPORTED'
}

Node.js v18.12.0
npm ERR! Lifecycle script `build` failed with error: 
npm ERR! Error: command failed 
npm ERR!   in workspace: @trajetoria-dev-ui/docs@1.0.0 
npm ERR!   at location: /home/ronesilveira/Documentos/Estudos/Rocketseat/Ignite 2022/Ignite 2.0/ignite-2.0-05-design-system/packages/docs 
